<?xml version="1.0" encoding="UTF-8"?>
<!-- Generated by org.testng.reporters.JUnitReportReporter -->
<testsuite hostname="LAPTOP-M8A6C3IF" name="pages.HomePage" tests="1" failures="0" timestamp="29 Dec 2021 15:29:11 GMT" time="9.784" errors="0">
  <testcase name="test" time="9.784" classname="pages.HomePage"/>
</testsuite> <!-- pages.HomePage -->
